<?xml version="1.0" encoding="UTF-8"?>
<testng-results ignored="0" total="1" passed="1" failed="0" skipped="0">
  <reporter-output>
  </reporter-output>
  <suite started-at="2020-07-01T19:02:38 IST" name="Default suite" finished-at="2020-07-01T19:03:00 IST" duration-ms="22104">
    <groups>
    </groups>
    <test started-at="2020-07-01T19:02:38 IST" name="Default test" finished-at="2020-07-01T19:03:00 IST" duration-ms="22104">
      <class name="WebDriverTest1to5.SelectClassTest">
        <test-method is-config="true" signature="setup()[pri:0, instance:WebDriverTest1to5.SelectClassTest@11a9e7c8]" started-at="2020-07-01T19:02:38 IST" name="setup" finished-at="2020-07-01T19:02:53 IST" duration-ms="15536" status="PASS">
          <reporter-output>
          </reporter-output>
        </test-method> <!-- setup -->
        <test-method signature="selectclass()[pri:0, instance:WebDriverTest1to5.SelectClassTest@11a9e7c8]" started-at="2020-07-01T19:02:53 IST" name="selectclass" finished-at="2020-07-01T19:02:58 IST" duration-ms="4825" status="PASS">
          <reporter-output>
          </reporter-output>
        </test-method> <!-- selectclass -->
        <test-method is-config="true" signature="tearDown()[pri:0, instance:WebDriverTest1to5.SelectClassTest@11a9e7c8]" started-at="2020-07-01T19:02:58 IST" name="tearDown" finished-at="2020-07-01T19:03:00 IST" duration-ms="1593" status="PASS">
          <reporter-output>
          </reporter-output>
        </test-method> <!-- tearDown -->
      </class> <!-- WebDriverTest1to5.SelectClassTest -->
    </test> <!-- Default test -->
  </suite> <!-- Default suite -->
</testng-results>
